<?xml version="1.0" encoding="UTF-8" standalone="no"?><testsuite errors="1" failures="0" name="Asignacion de permisos de administrador" skipped="0" tests="1" time="0.51" timestamp="2024-06-04 07:50:15"><testcase name="Asignar permisos de administrador a un usuario registrado"><error message="stale element reference: stale element not found in the current frame&#10;  (Session info: chrome=125.0.6422.114)&#10;For documentation on this error, please visit: https://www.selenium.dev/documentation/webdriver/troubleshooting/errors#stale-element-reference-exception&#10;Build info: version: '4.16.1', revision: '9b4c83354e'&#10;System info: os.name: 'Windows 10', os.arch: 'amd64', os.version: '10.0', java.version: '17.0.3.1'&#10;Driver info: org.openqa.selenium.chrome.ChromeDriver&#10;Command: [c4aed5ff415e6fcd7c67460bab04d5b5, clickElement {id=f.1E65D7CA31AE63D3812D180988B9A3CE.d.45B0C4D5A16E134E9CF271478D8A0F4E.e.85}]&#10;Capabilities {acceptInsecureCerts: false, browserName: chrome, browserVersion: 125.0.6422.114, chrome: {chromedriverVersion: 125.0.6422.141 (4b1e8393712..., userDataDir: C:\Users\anima\AppData\Loca...}, fedcm:accounts: true, goog:chromeOptions: {debuggerAddress: localhost:51197}, networkConnectionEnabled: false, pageLoadStrategy: normal, platformName: windows, proxy: Proxy(), se:cdp: ws://localhost:51197/devtoo..., se:cdpVersion: 125.0.6422.114, setWindowRect: true, strictFileInteractability: false, timeouts: {implicit: 0, pageLoad: 300000, script: 30000}, unhandledPromptBehavior: dismiss and notify, webauthn:extension:credBlob: true, webauthn:extension:largeBlob: true, webauthn:extension:minPinLength: true, webauthn:extension:prf: true, webauthn:virtualAuthenticators: true}&#10;Element: [[ChromeDriver: chrome on windows (c4aed5ff415e6fcd7c67460bab04d5b5)] -&gt; xpath: //li[@role='menuitem' and text()='ADMINISTRADOR']]&#10;Session ID: c4aed5ff415e6fcd7c67460bab04d5b5" type="org.openqa.selenium.StaleElementReferenceException">stale element reference: stale element not found in the current frame
  (Session info: chrome=125.0.6422.114)
For documentation on this error, please visit: https://www.selenium.dev/documentation/webdriver/troubleshooting/errors#stale-element-reference-exception
Build info: version: '4.16.1', revision: '9b4c83354e'
System info: os.name: 'Windows 10', os.arch: 'amd64', os.version: '10.0', java.version: '17.0.3.1'
Driver info: org.openqa.selenium.chrome.ChromeDriver
Command: [c4aed5ff415e6fcd7c67460bab04d5b5, clickElement {id=f.1E65D7CA31AE63D3812D180988B9A3CE.d.45B0C4D5A16E134E9CF271478D8A0F4E.e.85}]
Capabilities {acceptInsecureCerts: false, browserName: chrome, browserVersion: 125.0.6422.114, chrome: {chromedriverVersion: 125.0.6422.141 (4b1e8393712..., userDataDir: C:\Users\anima\AppData\Loca...}, fedcm:accounts: true, goog:chromeOptions: {debuggerAddress: localhost:51197}, networkConnectionEnabled: false, pageLoadStrategy: normal, platformName: windows, proxy: Proxy(), se:cdp: ws://localhost:51197/devtoo..., se:cdpVersion: 125.0.6422.114, setWindowRect: true, strictFileInteractability: false, timeouts: {implicit: 0, pageLoad: 300000, script: 30000}, unhandledPromptBehavior: dismiss and notify, webauthn:extension:credBlob: true, webauthn:extension:largeBlob: true, webauthn:extension:minPinLength: true, webauthn:extension:prf: true, webauthn:virtualAuthenticators: true}
Element: [[ChromeDriver: chrome on windows (c4aed5ff415e6fcd7c67460bab04d5b5)] -&gt; xpath: //li[@role='menuitem' and text()='ADMINISTRADOR']]
Session ID: c4aed5ff415e6fcd7c67460bab04d5b5</error><system-err>stale element reference: stale element not found in the current frame
  (Session info: chrome=125.0.6422.114)
For documentation on this error, please visit: https://www.selenium.dev/documentation/webdriver/troubleshooting/errors#stale-element-reference-exception
Build info: version: '4.16.1', revision: '9b4c83354e'
System info: os.name: 'Windows 10', os.arch: 'amd64', os.version: '10.0', java.version: '17.0.3.1'
Driver info: org.openqa.selenium.chrome.ChromeDriver
Command: [c4aed5ff415e6fcd7c67460bab04d5b5, clickElement {id=f.1E65D7CA31AE63D3812D180988B9A3CE.d.45B0C4D5A16E134E9CF271478D8A0F4E.e.85}]
Capabilities {acceptInsecureCerts: false, browserName: chrome, browserVersion: 125.0.6422.114, chrome: {chromedriverVersion: 125.0.6422.141 (4b1e8393712..., userDataDir: C:\Users\anima\AppData\Loca...}, fedcm:accounts: true, goog:chromeOptions: {debuggerAddress: localhost:51197}, networkConnectionEnabled: false, pageLoadStrategy: normal, platformName: windows, proxy: Proxy(), se:cdp: ws://localhost:51197/devtoo..., se:cdpVersion: 125.0.6422.114, setWindowRect: true, strictFileInteractability: false, timeouts: {implicit: 0, pageLoad: 300000, script: 30000}, unhandledPromptBehavior: dismiss and notify, webauthn:extension:credBlob: true, webauthn:extension:largeBlob: true, webauthn:extension:minPinLength: true, webauthn:extension:prf: true, webauthn:virtualAuthenticators: true}
Element: [[ChromeDriver: chrome on windows (c4aed5ff415e6fcd7c67460bab04d5b5)] -&gt; xpath: //li[@role='menuitem' and text()='ADMINISTRADOR']]
Session ID: c4aed5ff415e6fcd7c67460bab04d5b5&#13;
co.com.udea.fabricaescuela.moduloautenticacionautorizacion.tasks.AssignAdminPermissions.performAs(AssignAdminPermissions.java:61)&#13;
co.com.udea.fabricaescuela.moduloautenticacionautorizacion.stepdefinitions.AsignarPermisosAdministradorStepDefinition_Sprint1.asignoPermisosDeAdministradorAUnUsuarioRegistrado(AsignarPermisosAdministradorStepDefinition_Sprint1.java:61)&#13;
org.eclipse.jdt.internal.junit4.runner.JUnit4TestReference.run(JUnit4TestReference.java:93)&#13;
org.eclipse.jdt.internal.junit.runner.TestExecution.run(TestExecution.java:40)&#13;
org.eclipse.jdt.internal.junit.runner.RemoteTestRunner.runTests(RemoteTestRunner.java:529)&#13;
org.eclipse.jdt.internal.junit.runner.RemoteTestRunner.runTests(RemoteTestRunner.java:757)&#13;
org.eclipse.jdt.internal.junit.runner.RemoteTestRunner.run(RemoteTestRunner.java:452)&#13;
org.eclipse.jdt.internal.junit.runner.RemoteTestRunner.main(RemoteTestRunner.java:210)&#13;
</system-err></testcase></testsuite>